<?xml version="1.0" encoding="UTF-8"?>
<testsuite xmlns:xsi="http://www.w3.org/2001/XMLSchema-instance" xsi:noNamespaceSchemaLocation="https://maven.apache.org/surefire/maven-surefire-plugin/xsd/surefire-test-report.xsd" name="main.AppTest" time="0.024" tests="11" errors="0" skipped="0" failures="0">
  <properties>
[...]
</properties>
  <testcase name="dontFindpathtoCellWithCloseddoor" classname="main.AppTest" time="0.004"/>
  <testcase name="shouldAnswerWithTrue" classname="main.AppTest" time="0"/>
  <testcase name="buildWalls" classname="main.AppTest" time="0"/>
  <testcase name="getPath" classname="main.AppTest" time="0"/>
  <testcase name="getTileType" classname="main.AppTest" time="0"/>
  <testcase name="chargingPoints" classname="main.AppTest" time="0.005"/>
  <testcase name="neighbours" classname="main.AppTest" time="0"/>
  <testcase name="getNumber" classname="main.AppTest" time="0"/>
  <testcase name="getCellType" classname="main.AppTest" time="0"/>
  <testcase name="passable" classname="main.AppTest" time="0"/>
  <testcase name="shortestPathTest" classname="main.AppTest" time="0.001"/>
</testsuite>